<?xml version="1.0" encoding="utf-8"?>
<!DOCTYPE coverage SYSTEM "http://cobertura.sourceforge.net/xml/coverage-04.dtd">
<coverage line-rate="0.7751285647498831" branch-rate="0.6089588377723971" lines-covered="3316" lines-valid="4278" branches-covered="503" branches-valid="826" complexity="1203" version="0" timestamp="1779971588">
  <sources>
    <source>C:\Users\angel\Desktop\NexoPostal\microservicios\Nexopostal\</source>
  </sources>
  <packages>
    <package name="Nexopostal.Auth" line-rate="0.6695906432748538" branch-rate="0.3620689655172414" complexity="95">
      <classes>
        <class name="NexoPostal.Auth.Controllers.AdminUsersController" filename="C:\Users\angel\Desktop\NexoPostal\microservicios\Nexopostal\Nexopostal.Auth\Controllers\AdminUsersController.cs" line-rate="0" branch-rate="0" complexity="3">
          <methods>
            <method name="GetAdminId" signature="()" line-rate="0" branch-rate="0" complexity="2">
              <lines>
                <line number="78" hits="0" branch="true" condition-coverage="0% (0/2)" />
              </lines>
            </method>
            <method name=".ctor" signature="(NexoPostal.Auth.Services.IAdminUserService)" line-rate="0" branch-rate="1" complexity="1">
              <lines>
                <line number="14" hits="0" branch="false" />
              </lines>
            </method>
          </methods>
          <lines>
            <line number="14" hits="0" branch="false" />
            <line number="78" hits="0" branch="true" condition-coverage="0% (0/2)" />
          </lines>
        </class>
        <class name="NexoPostal.Auth.Controllers.AuthController" filename="C:\Users\angel\Desktop\NexoPostal\microservicios\Nexopostal\Nexopostal.Auth\Controllers\AuthController.cs" line-rate="0.5" branch-rate="0" complexity="3">
          <methods>
            <method name="GetUserId" signature="()" line-rate="0" branch-rate="0" complexity="2">
              <lines>
                <line number="99" hits="0" branch="true" condition-coverage="0% (0/2)" />
              </lines>
            </method>
            <method name=".ctor" signature="(NexoPostal.Auth.Services.IAuthService,Microsoft.Extensions.Configuration.IConfiguration)" line-rate="1" branch-rate="1" complexity="1">
              <lines>
                <line number="20" hits="3" branch="false" />
              </lines>
            </method>
          </methods>
          <lines>
            <line number="20" hits="3" branch="false" />
            <line number="99" hits="0" branch="true" condition-coverage="0% (0/2)" />
          </lines>
        </class>
        <class name="NexoPostal.Auth.Controllers.InternalSessionController" filename="C:\Users\angel\Desktop\NexoPostal\microservicios\Nexopostal\Nexopostal.Auth\Controllers\InternalSessionController.cs" line-rate="0" branch-rate="0" complexity="13">
          <methods>
            <method name="IsInternalServiceAuthorized" signature="()" line-rate="0" branch-rate="0" complexity="4">
              <lines>
                <line number="92" hits="0" branch="false" />
                <line number="93" hits="0" branch="false" />
                <line number="94" hits="0" branch="true" condition-coverage="0% (0/2)" />
                <line number="95" hits="0" branch="false" />
                <line number="97" hits="0" branch="false" />
                <line number="98" hits="0" branch="true" condition-coverage="0% (0/2)" />
                <line number="99" hits="0" branch="false" />
                <line number="101" hits="0" branch="false" />
                <line number="102" hits="0" branch="false" />
              </lines>
            </method>
            <method name="ResolveConfigValue" signature="(System.String)" line-rate="0" branch-rate="0" complexity="2">
              <lines>
                <line number="109" hits="0" branch="false" />
                <line number="110" hits="0" branch="true" condition-coverage="0% (0/2)" />
                <line number="111" hits="0" branch="false" />
                <line number="113" hits="0" branch="false" />
                <line number="114" hits="0" branch="false" />
                <line number="115" hits="0" branch="false" />
                <line number="116" hits="0" branch="false" />
                <line number="117" hits="0" branch="false" />
                <line number="118" hits="0" branch="false" />
              </lines>
            </method>
            <method name="SecureEquals" signature="(System.String,System.String)" line-rate="0" branch-rate="0" complexity="6">
              <lines>
                <line number="125" hits="0" branch="false" />
                <line number="126" hits="0" branch="true" condition-coverage="0% (0/2)" />
                <line number="127" hits="0" branch="true" condition-coverage="0% (0/2)" />
                <line number="129" hits="0" branch="true" condition-coverage="0% (0/2)" />
                <line number="130" hits="0" branch="false" />
                <line number="132" hits="0" branch="false" />
                <line number="133" hits="0" branch="false" />
              </lines>
            </method>
            <method name=".ctor" signature="(NexoPostal.Auth.Repositories.IUserRepository,Microsoft.Extensions.Configuration.IConfiguration)" line-rate="0" branch-rate="1" complexity="1">
              <lines>
                <line number="25" hits="0" branch="false" />
                <line number="26" hits="0" branch="false" />
                <line number="27" hits="0" branch="false" />
                <line number="28" hits="0" branch="false" />
                <line number="29" hits="0" branch="false" />
              </lines>
            </method>
          </methods>
          <lines>
            <line number="25" hits="0" branch="false" />
            <line number="26" hits="0" branch="false" />
            <line number="27" hits="0" branch="false" />
            <line number="28" hits="0" branch="false" />
            <line number="29" hits="0" branch="false" />
            <line number="92" hits="0" branch="false" />
            <line number="93" hits="0" branch="false" />
            <line number="94" hits="0" branch="true" condition-coverage="0% (0/2)" />
            <line number="95" hits="0" branch="false" />
            <line number="97" hits="0" branch="false" />
            <line number="98" hits="0" branch="true" condition-coverage="0% (0/2)" />
            <line number="99" hits="0" branch="false" />
            <line number="101" hits="0" branch="false" />
            <line number="102" hits="0" branch="false" />
            <line number="109" hits="0" branch="false" />
            <line number="110" hits="0" branch="true" condition-coverage="0% (0/2)" />
            <line number="111" hits="0" branch="false" />
            <line number="113" hits="0" branch="false" />
            <line number="114" hits="0" branch="false" />
            <line number="115" hits="0" branch="false" />
            <line number="116" hits="0" branch="false" />
            <line number="117" hits="0" branch="false" />
            <line number="118" hits="0" branch="false" />
            <line number="125" hits="0" branch="false" />
            <line number="126" hits="0" branch="true" condition-coverage="0% (0/2)" />
            <line number="127" hits="0" branch="true" condition-coverage="0% (0/2)" />
            <line number="129" hits="0" branch="true" condition-coverage="0% (0/2)" />
            <line number="130" hits="0" branch="false" />
            <line number="132" hits="0" branch="false" />
            <line number="133" hits="0" branch="false" />
          </lines>
        </class>
        <class name="NexoPostal.Auth.Data.AuthDbContext" filename="C:\Users\angel\Desktop\NexoPostal\microservicios\Nexopostal\Nexopostal.Auth\Data\AuthDbContext.cs" line-rate="1" branch-rate="1" complexity="2">
          <methods>
            <method name="OnModelCreating" signature="(Microsoft.EntityFrameworkCore.ModelBuilder)" line-rate="1" branch-rate="1" complexity="1">
              <lines>
                <line number="22" hits="1" branch="false" />
                <line number="23" hits="1" branch="false" />
                <line number="25" hits="1" branch="false" />
                <line number="26" hits="1" branch="false" />
                <line number="27" hits="1" branch="false" />
                <line number="28" hits="1" branch="false" />
                <line number="29" hits="1" branch="false" />
                <line number="30" hits="1" branch="false" />
                <line number="31" hits="1" branch="false" />
                <line number="32" hits="1" branch="false" />
                <line number="33" hits="1" branch="false" />
                <line number="34" hits="1" branch="false" />
                <line number="35" hits="1" branch="false" />
                <line number="36" hits="1" branch="false" />
                <line number="37" hits="1" branch="false" />
                <line number="38" hits="1" branch="false" />
                <line number="39" hits="1" branch="false" />
              </lines>
            </method>
            <method name=".ctor" signature="(Microsoft.EntityFrameworkCore.DbContextOptions`1&lt;NexoPostal.Auth.Data.AuthDbContext&gt;)" line-rate="1" branch-rate="1" complexity="1">
              <lines>
                <line number="13" hits="5" branch="false" />
                <line number="14" hits="5" branch="false" />
                <line number="15" hits="5" branch="false" />
              </lines>
            </method>
          </methods>
          <lines>
            <line number="13" hits="5" branch="false" />
            <line number="14" hits="5" branch="false" />
            <line number="15" hits="5" branch="false" />
            <line number="22" hits="1" branch="false" />
            <line number="23" hits="1" branch="false" />
            <line number="25" hits="1" branch="false" />
            <line number="26" hits="1" branch="false" />
            <line number="27" hits="1" branch="false" />
            <line number="28" hits="1" branch="false" />
            <line number="29" hits="1" branch="false" />
            <line number="30" hits="1" branch="false" />
            <line number="31" hits="1" branch="false" />
            <line number="32" hits="1" branch="false" />
            <line number="33" hits="1" branch="false" />
            <line number="34" hits="1" branch="false" />
            <line number="35" hits="1" branch="false" />
            <line number="36" hits="1" branch="false" />
            <line number="37" hits="1" branch="false" />
            <line number="38" hits="1" branch="false" />
            <line number="39" hits="1" branch="false" />
          </lines>
        </class>
        <class name="NexoPostal.Auth.Errors.AuthError" filename="C:\Users\angel\Desktop\NexoPostal\microservicios\Nexopostal\Nexopostal.Auth\Errors\AuthError.cs" line-rate="0.5416666666666666" branch-rate="0.5" complexity="14">
          <methods>
            <method name="InvalidCredentials" signature="()" line-rate="1" branch-rate="1" complexity="1">
              <lines>
                <line number="12" hits="2" branch="false" />
              </lines>
            </method>
            <method name="UserBlocked" signature="()" line-rate="1" branch-rate="1" complexity="1">
              <lines>
                <line number="15" hits="2" branch="false" />
              </lines>
            </method>
            <method name="UserNotFound" signature="(System.String)" line-rate="1" branch-rate="0.5" complexity="2">
              <lines>
                <line number="18" hits="2" branch="true" condition-coverage="50% (1/2)" />
                <line number="19" hits="2" branch="false" />
                <line number="20" hits="2" branch="false" />
              </lines>
            </method>
            <method name="EmailAlreadyExists" signature="(System.String)" line-rate="1" branch-rate="1" complexity="1">
              <lines>
                <line number="23" hits="2" branch="false" />
              </lines>
            </method>
            <method name="InvalidRefreshToken" signature="()" line-rate="1" branch-rate="1" complexity="1">
              <lines>
                <line number="26" hits="2" branch="false" />
              </lines>
            </method>
            <method name="WeakPassword" signature="(System.Collections.Generic.IEnumerable`1&lt;System.String&gt;)" line-rate="0" branch-rate="1" complexity="1">
              <lines>
                <line number="29" hits="0" branch="false" />
                <line number="30" hits="0" branch="false" />
                <line number="31" hits="0" branch="false" />
                <line number="32" hits="0" branch="false" />
                <line number="33" hits="0" branch="false" />
                <line number="34" hits="0" branch="false" />
                <line number="35" hits="0" branch="false" />
              </lines>
            </method>
            <method name="IdentityErrors" signature="(System.Collections.Generic.IEnumerable`1&lt;System.String&gt;)" line-rate="1" branch-rate="0.5" complexity="2">
              <lines>
                <line number="38" hits="1" branch="false" />
                <line number="39" hits="1" branch="false" />
                <line number="40" hits="1" branch="false" />
                <line number="41" hits="1" branch="true" condition-coverage="50% (1/2)" />
                <line number="42" hits="1" branch="false" />
              </lines>
            </method>
            <method name="ResetPasswordFailed" signature="(System.String)" line-rate="1" branch-rate="1" complexity="1">
              <lines>
                <line number="45" hits="1" branch="false" />
              </lines>
            </method>
            <method name="CannotModifySelf" signature="(System.String)" line-rate="0" branch-rate="1" complexity="1">
              <lines>
                <line number="48" hits="0" branch="false" />
              </lines>
            </method>
            <method name="UserDeleted" signature="()" line-rate="0" branch-rate="1" complexity="1">
              <lines>
                <line number="51" hits="0" branch="false" />
              </lines>
            </method>
            <method name="CannotDowngradeToClient" signature="()" line-rate="0" branch-rate="1" complexity="1">
              <lines>
                <line number="54" hits="0" branch="false" />
              </lines>
            </method>
            <method name="CannotCreateClientAsEmployee" signature="()" line-rate="0" branch-rate="1" complexity="1">
              <lines>
                <line number="57" hits="0" branch="false" />
              </lines>
            </method>
          </methods>
          <lines>
            <line number="12" hits="2" branch="false" />
            <line number="15" hits="2" branch="false" />
            <line number="18" hits="2" branch="true" condition-coverage="50% (1/2)" />
            <line number="19" hits="2" branch="false" />
            <line number="20" hits="2" branch="false" />
            <line number="23" hits="2" branch="false" />
            <line number="26" hits="2" branch="false" />
            <line number="29" hits="0" branch="false" />
            <line number="30" hits="0" branch="false" />
            <line number="31" hits="0" branch="false" />
            <line number="32" hits="0" branch="false" />
            <line number="33" hits="0" branch="false" />
            <line number="34" hits="0" branch="false" />
            <line number="35" hits="0" branch="false" />
            <line number="38" hits="1" branch="false" />
            <line number="39" hits="1" branch="false" />
            <line number="40" hits="1" branch="false" />
            <line number="41" hits="1" branch="true" condition-coverage="50% (1/2)" />
            <line number="42" hits="1" branch="false" />
            <line number="45" hits="1" branch="false" />
            <line number="48" hits="0" branch="false" />
            <line number="51" hits="0" branch="false" />
            <line number="54" hits="0" branch="false" />
            <line number="57" hits="0" branch="false" />
          </lines>
        </class>
        <class name="NexoPostal.Auth.Infrastructures.AuthServiceCollectionExtensions" filename="C:\Users\angel\Desktop\NexoPostal\microservicios\Nexopostal\Nexopostal.Auth\Infrastructures\AuthServiceCollectionExtensions.cs" line-rate="1" branch-rate="1" complexity="6">
          <methods>
            <method name="AddAuthDatabase" signature="(Microsoft.Extensions.DependencyInjection.IServiceCollection,Microsoft.Extensions.Configuration.IConfiguration)" line-rate="1" branch-rate="1" complexity="1">
              <lines>
                <line number="21" hits="1" branch="false" />
                <line number="22" hits="1" branch="false" />
                <line number="23" hits="1" branch="false" />
                <line number="25" hits="1" branch="false" />
                <line number="26" hits="1" branch="false" />
                <line number="27" hits="1" branch="false" />
              </lines>
            </method>
            <method name="AddAuthIdentity" signature="(Microsoft.Extensions.DependencyInjection.IServiceCollection)" line-rate="1" branch-rate="1" complexity="1">
              <lines>
                <line number="30" hits="1" branch="false" />
                <line number="31" hits="1" branch="false" />
                <line number="32" hits="1" branch="false" />
                <line number="33" hits="1" branch="false" />
                <line number="34" hits="1" branch="false" />
                <line number="35" hits="1" branch="false" />
                <line number="36" hits="1" branch="false" />
                <line number="37" hits="1" branch="false" />
                <line number="38" hits="1" branch="false" />
                <line number="39" hits="1" branch="false" />
                <line number="40" hits="1" branch="false" />
                <line number="42" hits="1" branch="false" />
                <line number="43" hits="1" branch="false" />
              </lines>
            </method>
            <method name="AddAuthJwt" signature="(Microsoft.Extensions.DependencyInjection.IServiceCollection,Microsoft.Extensions.Configuration.IConfiguration)" line-rate="1" branch-rate="1" complexity="1">
              <lines>
                <line number="46" hits="1" branch="false" />
              </lines>
            </method>
            <method name="AddAuthRepositories" signature="(Microsoft.Extensions.DependencyInjection.IServiceCollection)" line-rate="1" branch-rate="1" complexity="1">
              <lines>
                <line number="49" hits="1" branch="false" />
                <line number="50" hits="1" branch="false" />
                <line number="51" hits="1" branch="false" />
                <line number="52" hits="1" branch="false" />
              </lines>
            </method>
            <method name="AddAuthServices" signature="(Microsoft.Extensions.DependencyInjection.IServiceCollection)" line-rate="1" branch-rate="1" complexity="1">
              <lines>
                <line number="55" hits="1" branch="false" />
                <line number="56" hits="1" branch="false" />
                <line number="57" hits="1" branch="false" />
                <line number="58" hits="1" branch="false" />
                <line number="59" hits="1" branch="false" />
                <line number="60" hits="1" branch="false" />
                <line number="61" hits="1" branch="false" />
              </lines>
            </method>
            <method name="AddAuthValidation" signature="(Microsoft.Extensions.DependencyInjection.IServiceCollection)" line-rate="1" branch-rate="1" complexity="1">
              <lines>
                <line number="64" hits="1" branch="false" />
              </lines>
            </method>
          </methods>
          <lines>
            <line number="21" hits="1" branch="false" />
            <line number="22" hits="1" branch="false" />
            <line number="23" hits="1" branch="false" />
            <line number="25" hits="1" branch="false" />
            <line number="26" hits="1" branch="false" />
            <line number="27" hits="1" branch="false" />
            <line number="30" hits="1" branch="false" />
            <line number="31" hits="1" branch="false" />
            <line number="32" hits="1" branch="false" />
            <line number="33" hits="1" branch="false" />
            <line number="34" hits="1" branch="false" />
            <line number="35" hits="1" branch="false" />
            <line number="36" hits="1" branch="false" />
            <line number="37" hits="1" branch="false" />
            <line number="38" hits="1" branch="false" />
            <line number="39" hits="1" branch="false" />
            <line number="40" hits="1" branch="false" />
            <line number="42" hits="1" branch="false" />
            <line number="43" hits="1" branch="false" />
            <line number="46" hits="1" branch="false" />
            <line number="49" hits="1" branch="false" />
            <line number="50" hits="1" branch="false" />
            <line number="51" hits="1" branch="false" />
            <line number="52" hits="1" branch="false" />
            <line number="55" hits="1" branch="false" />
            <line number="56" hits="1" branch="false" />
            <line number="57" hits="1" branch="false" />
            <line number="58" hits="1" branch="false" />
            <line number="59" hits="1" branch="false" />
            <line number="60" hits="1" branch="false" />
            <line number="61" hits="1" branch="false" />
            <line number="64" hits="1" branch="false" />
          </lines>
        </class>
        <class name="NexoPostal.Auth.Mappers.AdminUsuarioMapper" filename="C:\Users\angel\Desktop\NexoPostal\microservicios\Nexopostal\Nexopostal.Auth\Mappers\AdminUsuarioMapper.cs" line-rate="1" branch-rate="0.8333333333333334" complexity="7">
          <methods>
            <method name="ToListItemDto" signature="(NexoPostal.Auth.Models.ApplicationUser,System.DateTimeOffset)" line-rate="1" branch-rate="0.8333333333333334" complexity="6">
              <lines>
                <line number="11" hits="14" branch="true" condition-coverage="83% (5/6)" />
                <line number="12" hits="14" branch="false" />
                <line number="13" hits="14" branch="false" />
                <line number="14" hits="14" branch="false" />
                <line number="15" hits="14" branch="false" />
                <line number="16" hits="14" branch="false" />
                <line number="17" hits="14" branch="false" />
                <line number="18" hits="14" branch="false" />
                <line number="19" hits="14" branch="false" />
                <line number="20" hits="14" branch="false" />
                <line number="21" hits="14" branch="false" />
                <line number="22" hits="14" branch="false" />
                <line number="23" hits="14" branch="false" />
              </lines>
            </method>
            <method name="ToListItemDtos" signature="(System.Collections.Generic.IEnumerable`1&lt;NexoPostal.Auth.Models.ApplicationUser&gt;,System.DateTimeOffset)" line-rate="1" branch-rate="1" complexity="1">
              <lines>
                <line number="26" hits="2" branch="false" />
              </lines>
            </method>
          </methods>
          <lines>
            <line number="11" hits="14" branch="true" condition-coverage="83% (5/6)" />
            <line number="12" hits="14" branch="false" />
            <line number="13" hits="14" branch="false" />
            <line number="14" hits="14" branch="false" />
            <line number="15" hits="14" branch="false" />
            <line number="16" hits="14" branch="false" />
            <line number="17" hits="14" branch="false" />
            <line number="18" hits="14" branch="false" />
            <line number="19" hits="14" branch="false" />
            <line number="20" hits="14" branch="false" />
            <line number="21" hits="14" branch="false" />
            <line number="22" hits="14" branch="false" />
            <line number="23" hits="14" branch="false" />
            <line number="26" hits="2" branch="false" />
          </lines>
        </class>
        <class name="NexoPostal.Auth.Mappers.UsuarioMapper" filename="C:\Users\angel\Desktop\NexoPostal\microservicios\Nexopostal\Nexopostal.Auth\Mappers\UsuarioMapper.cs" line-rate="1" branch-rate="1" complexity="3">
          <methods>
            <method name="ToInfoDto" signature="(NexoPostal.Auth.Models.ApplicationUser)" line-rate="1" branch-rate="1" complexity="2">
              <lines>
                <line number="12" hits="3" branch="true" condition-coverage="100% (2/2)" />
                <line number="13" hits="3" branch="false" />
                <line number="14" hits="3" branch="false" />
                <line number="15" hits="3" branch="false" />
                <line number="16" hits="3" branch="false" />
                <line number="17" hits="3" branch="false" />
                <line number="18" hits="3" branch="false" />
                <line number="19" hits="3" branch="false" />
                <line number="20" hits="3" branch="false" />
              </lines>
            </method>
            <method name="ToTokenResponseDto" signature="(NexoPostal.Auth.Models.ApplicationUser,System.String,System.DateTime,System.String,System.DateTime)" line-rate="1" branch-rate="1" complexity="1">
              <lines>
                <line number="27" hits="4" branch="false" />
                <line number="28" hits="4" branch="false" />
                <line number="29" hits="4" branch="false" />
                <line number="30" hits="4" branch="false" />
                <line number="31" hits="4" branch="false" />
                <line number="32" hits="4" branch="false" />
                <line number="33" hits="4" branch="false" />
                <line number="34" hits="4" branch="false" />
                <line number="35" hits="4" branch="false" />
              </lines>
            </method>
          </methods>
          <lines>
            <line number="12" hits="3" branch="true" condition-coverage="100% (2/2)" />
            <line number="13" hits="3" branch="false" />
            <line number="14" hits="3" branch="false" />
            <line number="15" hits="3" branch="false" />
            <line number="16" hits="3" branch="false" />
            <line number="17" hits="3" branch="false" />
            <line number="18" hits="3" branch="false" />
            <line number="19" hits="3" branch="false" />
            <line number="20" hits="3" branch="false" />
            <line number="27" hits="4" branch="false" />
            <line number="28" hits="4" branch="false" />
            <line number="29" hits="4" branch="false" />
            <line number="30" hits="4" branch="false" />
            <line number="31" hits="4" branch="false" />
            <line number="32" hits="4" branch="false" />
            <line number="33" hits="4" branch="false" />
            <line number="34" hits="4" branch="false" />
            <line number="35" hits="4" branch="false" />
          </lines>
        </class>
        <class name="NexoPostal.Auth.Repositories.UserRepository" filename="C:\Users\angel\Desktop\NexoPostal\microservicios\Nexopostal\Nexopostal.Auth\Repositories\UserRepository.cs" line-rate="0.75" branch-rate="1" complexity="2">
          <methods>
            <method name="IsLockedOutAsync" signature="(NexoPostal.Auth.Models.ApplicationUser)" line-rate="0" branch-rate="1" complexity="1">
              <lines>
                <line number="112" hits="0" branch="false" />
              </lines>
            </method>
            <method name=".ctor" signature="(Microsoft.AspNetCore.Identity.UserManager`1&lt;NexoPostal.Auth.Models.ApplicationUser&gt;)" line-rate="1" branch-rate="1" complexity="1">
              <lines>
                <line number="16" hits="3" branch="false" />
                <line number="17" hits="3" branch="false" />
                <line number="18" hits="3" branch="false" />
              </lines>
            </method>
          </methods>
          <lines>
            <line number="16" hits="3" branch="false" />
            <line number="17" hits="3" branch="false" />
            <line number="18" hits="3" branch="false" />
            <line number="112" hits="0" branch="false" />
          </lines>
        </class>
        <class name="NexoPostal.Auth.Services.SmtpEmailService" filename="C:\Users\angel\Desktop\NexoPostal\microservicios\Nexopostal\Nexopostal.Auth\Services\EmailService.cs" line-rate="0.06896551724137931" branch-rate="0" complexity="4">
          <methods>
            <method name="ResolveConfigValue" signature="(System.String)" line-rate="0" branch-rate="0" complexity="2">
              <lines>
                <line number="98" hits="0" branch="false" />
                <line number="99" hits="0" branch="true" condition-coverage="0% (0/2)" />
                <line number="100" hits="0" branch="false" />
                <line number="102" hits="0" branch="false" />
                <line number="103" hits="0" branch="false" />
                <line number="104" hits="0" branch="false" />
              </lines>
            </method>
            <method name="BuildHtmlBody" signature="(System.String,System.String)" line-rate="0" branch-rate="1" complexity="1">
              <lines>
                <line number="106" hits="0" branch="false" />
                <line number="107" hits="0" branch="false" />
                <line number="108" hits="0" branch="false" />
                <line number="109" hits="0" branch="false" />
                <line number="110" hits="0" branch="false" />
                <line number="111" hits="0" branch="false" />
                <line number="112" hits="0" branch="false" />
                <line number="113" hits="0" branch="false" />
                <line number="114" hits="0" branch="false" />
                <line number="115" hits="0" branch="false" />
                <line number="116" hits="0" branch="false" />
                <line number="117" hits="0" branch="false" />
                <line number="118" hits="0" branch="false" />
                <line number="119" hits="0" branch="false" />
                <line number="120" hits="0" branch="false" />
                <line number="121" hits="0" branch="false" />
                <line number="122" hits="0" branch="false" />
                <line number="123" hits="0" branch="false" />
                <line number="124" hits="0" branch="false" />
                <line number="125" hits="0" branch="false" />
                <line number="126" hits="0" branch="false" />
                <line number="127" hits="0" branch="false" />
                <line number="128" hits="0" branch="false" />
                <line number="129" hits="0" branch="false" />
                <line number="130" hits="0" branch="false" />
                <line number="131" hits="0" branch="false" />
                <line number="132" hits="0" branch="false" />
                <line number="133" hits="0" branch="false" />
                <line number="134" hits="0" branch="false" />
                <line number="135" hits="0" branch="false" />
                <line number="136" hits="0" branch="false" />
                <line number="137" hits="0" branch="false" />
                <line number="138" hits="0" branch="false" />
                <line number="139" hits="0" branch="false" />
                <line number="140" hits="0" branch="false" />
                <line number="141" hits="0" branch="false" />
                <line number="142" hits="0" branch="false" />
                <line number="143" hits="0" branch="false" />
                <line number="144" hits="0" branch="false" />
                <line number="145" hits="0" branch="false" />
                <line number="146" hits="0" branch="false" />
                <line number="147" hits="0" branch="false" />
                <line number="148" hits="0" branch="false" />
                <line number="149" hits="0" branch="false" />
                <line number="150" hits="0" branch="false" />
                <line number="151" hits="0" branch="false" />
                <line number="152" hits="0" branch="false" />
                <line number="153" hits="0" branch="false" />
              </lines>
            </method>
            <method name=".ctor" signature="(Microsoft.Extensions.Configuration.IConfiguration,Microsoft.Extensions.Logging.ILogger`1&lt;NexoPostal.Auth.Services.SmtpEmailService&gt;)" line-rate="1" branch-rate="1" complexity="1">
              <lines>
                <line number="19" hits="1" branch="false" />
                <line number="20" hits="1" branch="false" />
                <line number="21" hits="1" branch="false" />
                <line number="22" hits="1" branch="false" />
              </lines>
            </method>
          </methods>
          <lines>
            <line number="19" hits="1" branch="false" />
            <line number="20" hits="1" branch="false" />
            <line number="21" hits="1" branch="false" />
            <line number="22" hits="1" branch="false" />
            <line number="98" hits="0" branch="false" />
            <line number="99" hits="0" branch="true" condition-coverage="0% (0/2)" />
            <line number="100" hits="0" branch="false" />
            <line number="102" hits="0" branch="false" />
            <line number="103" hits="0" branch="false" />
            <line number="104" hits="0" branch="false" />
            <line number="106" hits="0" branch="false" />
            <line number="107" hits="0" branch="false" />
            <line number="108" hits="0" branch="false" />
            <line number="109" hits="0" branch="false" />
            <line number="110" hits="0" branch="false" />
            <line number="111" hits="0" branch="false" />
            <line number="112" hits="0" branch="false" />
            <line number="113" hits="0" branch="false" />
            <line number="114" hits="0" branch="false" />
            <line number="115" hits="0" branch="false" />
            <line number="116" hits="0" branch="false" />
            <line number="117" hits="0" branch="false" />
            <line number="118" hits="0" branch="false" />
            <line number="119" hits="0" branch="false" />
            <line number="120" hits="0" branch="false" />
            <line number="121" hits="0" branch="false" />
            <line number="122" hits="0" branch="false" />
            <line number="123" hits="0" branch="false" />
            <line number="124" hits="0" branch="false" />
            <line number="125" hits="0" branch="false" />
            <line number="126" hits="0" branch="false" />
            <line number="127" hits="0" branch="false" />
            <line number="128" hits="0" branch="false" />
            <line number="129" hits="0" branch="false" />
            <line number="130" hits="0" branch="false" />
            <line number="131" hits="0" branch="false" />
            <line number="132" hits="0" branch="false" />
            <line number="133" hits="0" branch="false" />
            <line number="134" hits="0" branch="false" />
            <line number="135" hits="0" branch="false" />
            <line number="136" hits="0" branch="false" />
            <line number="137" hits="0" branch="false" />
            <line number="138" hits="0" branch="false" />
            <line number="139" hits="0" branch="false" />
            <line number="140" hits="0" branch="false" />
            <line number="141" hits="0" branch="false" />
            <line number="142" hits="0" branch="false" />
            <line number="143" hits="0" branch="false" />
            <line number="144" hits="0" branch="false" />
            <line number="145" hits="0" branch="false" />
            <line number="146" hits="0" branch="false" />
            <line number="147" hits="0" branch="false" />
            <line number="148" hits="0" branch="false" />
            <line number="149" hits="0" branch="false" />
            <line number="150" hits="0" branch="false" />
            <line number="151" hits="0" branch="false" />
            <line number="152" hits="0" branch="false" />
            <line number="153" hits="0" branch="false" />
          </lines>
        </class>
        <class name="NexoPostal.Auth.Services.TokenService" filename="C:\Users\angel\Desktop\NexoPostal\microservicios\Nexopostal\Nexopostal.Auth\Services\TokenService.cs" line-rate="0.8372093023255814" branch-rate="0.42857142857142855" complexity="31">
          <methods>
            <method name="ResolveConfigValue" signature="(System.String)" line-rate="1" branch-rate="1" complexity="2">
              <lines>
                <line number="31" hits="15" branch="false" />
                <line number="32" hits="15" branch="true" condition-coverage="100% (2/2)" />
                <line number="33" hits="2" branch="false" />
                <line number="35" hits="13" branch="false" />
                <line number="36" hits="13" branch="false" />
                <line number="37" hits="13" branch="false" />
                <line number="38" hits="13" branch="false" />
                <line number="39" hits="13" branch="false" />
                <line number="40" hits="15" branch="false" />
              </lines>
            </method>
            <method name="GetJwtKeyBytes" signature="(System.String)" line-rate="1" branch-rate="0.5" complexity="2">
              <lines>
                <line number="47" hits="3" branch="false" />
                <line number="48" hits="3" branch="false" />
                <line number="49" hits="3" branch="true" condition-coverage="50% (1/2)" />
                <line number="50" hits="3" branch="false" />
              </lines>
            </method>
            <method name="GenerateAccessToken" signature="(NexoPostal.Auth.Models.ApplicationUser)" line-rate="0.9629629629629629" branch-rate="0.5" complexity="4">
              <lines>
                <line number="56" hits="3" branch="false" />
                <line number="57" hits="3" branch="true" condition-coverage="50% (1/2)" />
                <line number="58" hits="3" branch="false" />
                <line number="59" hits="3" branch="false" />
                <line number="60" hits="3" branch="false" />
                <line number="61" hits="3" branch="false" />
                <line number="62" hits="3" branch="false" />
                <line number="63" hits="3" branch="false" />
                <line number="64" hits="3" branch="false" />
                <line number="66" hits="3" branch="false" />
                <line number="67" hits="3" branch="false" />
                <line number="68" hits="3" branch="true" condition-coverage="50% (1/2)" />
                <line number="69" hits="0" branch="false" />
                <line number="71" hits="3" branch="false" />
                <line number="72" hits="3" branch="false" />
                <line number="73" hits="3" branch="false" />
                <line number="75" hits="3" branch="false" />
                <line number="76" hits="3" branch="false" />
                <line number="78" hits="3" branch="false" />
                <line number="79" hits="3" branch="false" />
                <line number="80" hits="3" branch="false" />
                <line number="81" hits="3" branch="false" />
                <line number="82" hits="3" branch="false" />
                <line number="83" hits="3" branch="false" />
                <line number="84" hits="3" branch="false" />
                <line number="86" hits="3" branch="false" />
                <line number="87" hits="3" branch="false" />
              </lines>
            </method>
            <method name="GetAccessTokenExpiryMinutes" signature="()" line-rate="1" branch-rate="0.5" complexity="4">
              <lines>
                <line number="94" hits="3" branch="false" />
                <line number="95" hits="3" branch="false" />
                <line number="96" hits="3" branch="true" condition-coverage="50% (2/4)" />
                <line number="97" hits="2" branch="false" />
                <line number="98" hits="2" branch="false" />
                <line number="101" hits="1" branch="false" />
                <line number="102" hits="3" branch="false" />
              </lines>
            </method>
            <method name="GetRefreshTokenExpiryDays" signature="()" line-rate="0.7142857142857143" branch-rate="0.5" complexity="4">
              <lines>
                <line number="108" hits="3" branch="false" />
                <line number="109" hits="3" branch="false" />
                <line number="110" hits="3" branch="true" condition-coverage="50% (2/4)" />
                <line number="111" hits="0" branch="false" />
                <line number="112" hits="0" branch="false" />
                <line number="115" hits="3" branch="false" />
                <line number="116" hits="3" branch="false" />
              </lines>
            </method>
            <method name="GenerateRefreshToken" signature="(System.String)" line-rate="1" branch-rate="1" complexity="1">
              <lines>
                <line number="123" hits="3" branch="false" />
                <line number="124" hits="3" branch="false" />
                <line number="125" hits="3" branch="false" />
                <line number="126" hits="3" branch="false" />
                <line number="127" hits="3" branch="false" />
                <line number="129" hits="3" branch="false" />
                <line number="130" hits="3" branch="false" />
              </lines>
            </method>
            <method name="TryExtractUserId" signature="(System.String,System.String&amp;)" line-rate="0.7" branch-rate="0.5" complexity="6">
              <lines>
                <line number="137" hits="1" branch="false" />
                <line number="138" hits="1" branch="false" />
                <line number="139" hits="1" branch="true" condition-coverage="50% (1/2)" />
                <line number="140" hits="0" branch="false" />
                <line number="142" hits="1" branch="false" />
                <line number="143" hits="1" branch="true" condition-coverage="50% (2/4)" />
                <line number="144" hits="1" branch="false" />
                <line number="146" hits="0" branch="false" />
                <line number="147" hits="0" branch="false" />
                <line number="148" hits="1" branch="false" />
              </lines>
            </method>
            <method name="HashToken" signature="(System.String)" line-rate="1" branch-rate="1" complexity="1">
              <lines>
                <line number="154" hits="3" branch="false" />
                <line number="155" hits="3" branch="false" />
                <line number="156" hits="3" branch="false" />
                <line number="157" hits="3" branch="false" />
              </lines>
            </method>
            <method name="SecureEquals" signature="(System.String,System.String)" line-rate="0" branch-rate="0" complexity="6">
              <lines>
                <line number="163" hits="0" branch="false" />
                <line number="164" hits="0" branch="true" condition-coverage="0% (0/2)" />
                <line number="165" hits="0" branch="true" condition-coverage="0% (0/2)" />
                <line number="167" hits="0" branch="true" condition-coverage="0% (0/2)" />
                <line number="168" hits="0" branch="false" />
                <line number="169" hits="0" branch="false" />
                <line number="172" hits="0" branch="false" />
                <line number="173" hits="0" branch="false" />
              </lines>
            </method>
            <method name=".ctor" signature="(Microsoft.Extensions.Configuration.IConfiguration)" line-rate="1" branch-rate="1" complexity="1">
              <lines>
                <line number="22" hits="19" branch="false" />
                <line number="23" hits="19" branch="false" />
                <line number="24" hits="19" branch="false" />
              </lines>
            </method>
          </methods>
          <lines>
            <line number="22" hits="19" branch="false" />
            <line number="23" hits="19" branch="false" />
            <line number="24" hits="19" branch="false" />
            <line number="31" hits="15" branch="false" />
            <line number="32" hits="15" branch="true" condition-coverage="100% (2/2)" />
            <line number="33" hits="2" branch="false" />
            <line number="35" hits="13" branch="false" />
            <line number="36" hits="13" branch="false" />
            <line number="37" hits="13" branch="false" />
            <line number="38" hits="13" branch="false" />
            <line number="39" hits="13" branch="false" />
            <line number="40" hits="15" branch="false" />
            <line number="47" hits="3" branch="false" />
            <line number="48" hits="3" branch="false" />
            <line number="49" hits="3" branch="true" condition-coverage="50% (1/2)" />
            <line number="50" hits="3" branch="false" />
            <line number="56" hits="3" branch="false" />
            <line number="57" hits="3" branch="true" condition-coverage="50% (1/2)" />
            <line number="58" hits="3" branch="false" />
            <line number="59" hits="3" branch="false" />
            <line number="60" hits="3" branch="false" />
            <line number="61" hits="3" branch="false" />
            <line number="62" hits="3" branch="false" />
            <line number="63" hits="3" branch="false" />
            <line number="64" hits="3" branch="false" />
            <line number="66" hits="3" branch="false" />
            <line number="67" hits="3" branch="false" />
            <line number="68" hits="3" branch="true" condition-coverage="50% (1/2)" />
            <line number="69" hits="0" branch="false" />
            <line number="71" hits="3" branch="false" />
            <line number="72" hits="3" branch="false" />
            <line number="73" hits="3" branch="false" />
            <line number="75" hits="3" branch="false" />
            <line number="76" hits="3" branch="false" />
            <line number="78" hits="3" branch="false" />
            <line number="79" hits="3" branch="false" />
            <line number="80" hits="3" branch="false" />
            <line number="81" hits="3" branch="false" />
            <line number="82" hits="3" branch="false" />
            <line number="83" hits="3" branch="false" />
            <line number="84" hits="3" branch="false" />
            <line number="86" hits="3" branch="false" />
            <line number="87" hits="3" branch="false" />
            <line number="94" hits="3" branch="false" />
            <line number="95" hits="3" branch="false" />
            <line number="96" hits="3" branch="true" condition-coverage="50% (2/4)" />
            <line number="97" hits="2" branch="false" />
            <line number="98" hits="2" branch="false" />
            <line number="101" hits="1" branch="false" />
            <line number="102" hits="3" branch="false" />
            <line number="108" hits="3" branch="false" />
            <line number="109" hits="3" branch="false" />
            <line number="110" hits="3" branch="true" condition-coverage="50% (2/4)" />
            <line number="111" hits="0" branch="false" />
            <line number="112" hits="0" branch="false" />
            <line number="115" hits="3" branch="false" />
            <line number="116" hits="3" branch="false" />
            <line number="123" hits="3" branch="false" />
            <line number="124" hits="3" branch="false" />
            <line number="125" hits="3" branch="false" />
            <line number="126" hits="3" branch="false" />
            <line number="127" hits="3" branch="false" />
            <line number="129" hits="3" branch="false" />
            <line number="130" hits="3" branch="false" />
            <line number="137" hits="1" branch="false" />
            <line number="138" hits="1" branch="false" />
            <line number="139" hits="1" branch="true" condition-coverage="50% (1/2)" />
            <line number="140" hits="0" branch="false" />
            <line number="142" hits="1" branch="false" />
            <line number="143" hits="1" branch="true" condition-coverage="50% (2/4)" />
            <line number="144" hits="1" branch="false" />
            <line number="146" hits="0" branch="false" />
            <line number="147" hits="0" branch="false" />
            <line number="148" hits="1" branch="false" />
            <line number="154" hits="3" branch="false" />
            <line number="155" hits="3" branch="false" />
            <line number="156" hits="3" branch="false" />
            <line number="157" hits="3" branch="false" />
            <line number="163" hits="0" branch="false" />
            <line number="164" hits="0" branch="true" condition-coverage="0% (0/2)" />
            <line number="165" hits="0" branch="true" condition-coverage="0% (0/2)" />
            <line number="167" hits="0" branch="true" condition-coverage="0% (0/2)" />
            <line number="168" hits="0" branch="false" />
            <line number="169" hits="0" branch="false" />
            <line number="172" hits="0" branch="false" />
            <line number="173" hits="0" branch="false" />
          </lines>
        </class>
        <class name="NexoPostal.Auth.Validators.ActualizarUsuarioDtoValidator" filename="C:\Users\angel\Desktop\NexoPostal\microservicios\Nexopostal\Nexopostal.Auth\Validators\AuthDtoValidators.cs" line-rate="1" branch-rate="1" complexity="1">
          <methods>
            <method name=".ctor" signature="()" line-rate="1" branch-rate="1" complexity="1">
              <lines>
                <line number="48" hits="4" branch="false" />
                <line number="49" hits="4" branch="false" />
                <line number="50" hits="4" branch="false" />
                <line number="51" hits="4" branch="false" />
                <line number="52" hits="4" branch="false" />
                <line number="53" hits="4" branch="false" />
                <line number="54" hits="4" branch="false" />
              </lines>
            </method>
          </methods>
          <lines>
            <line number="48" hits="4" branch="false" />
            <line number="49" hits="4" branch="false" />
            <line number="50" hits="4" branch="false" />
            <line number="51" hits="4" branch="false" />
            <line number="52" hits="4" branch="false" />
            <line number="53" hits="4" branch="false" />
            <line number="54" hits="4" branch="false" />
          </lines>
        </class>
        <class name="NexoPostal.Auth.Validators.CambiarPasswordDtoValidator" filename="C:\Users\angel\Desktop\NexoPostal\microservicios\Nexopostal\Nexopostal.Auth\Validators\AuthDtoValidators.cs" line-rate="1" branch-rate="1" complexity="1">
          <methods>
            <method name=".ctor" signature="()" line-rate="1" branch-rate="1" complexity="1">
              <lines>
                <line number="62" hits="3" branch="false" />
                <line number="63" hits="3" branch="false" />
                <line number="64" hits="3" branch="false" />
                <line number="65" hits="3" branch="false" />
                <line number="66" hits="3" branch="false" />
                <line number="67" hits="3" branch="false" />
                <line number="68" hits="3" branch="false" />
              </lines>
            </method>
          </methods>
          <lines>
            <line number="62" hits="3" branch="false" />
            <line number="63" hits="3" branch="false" />
            <line number="64" hits="3" branch="false" />
            <line number="65" hits="3" branch="false" />
            <line number="66" hits="3" branch="false" />
            <line number="67" hits="3" branch="false" />
            <line number="68" hits="3" branch="false" />
          </lines>
        </class>
        <class name="NexoPostal.Auth.Validators.LoginDtoValidator" filename="C:\Users\angel\Desktop\NexoPostal\microservicios\Nexopostal\Nexopostal.Auth\Validators\AuthDtoValidators.cs" line-rate="1" branch-rate="1" complexity="1">
          <methods>
            <method name=".ctor" signature="()" line-rate="1" branch-rate="1" complexity="1">
              <lines>
                <line number="11" hits="4" branch="false" />
                <line number="12" hits="4" branch="false" />
                <line number="13" hits="4" branch="false" />
                <line number="14" hits="4" branch="false" />
                <line number="15" hits="4" branch="false" />
                <line number="17" hits="4" branch="false" />
                <line number="18" hits="4" branch="false" />
                <line number="19" hits="4" branch="false" />
              </lines>
            </method>
          </methods>
          <lines>
            <line number="11" hits="4" branch="false" />
            <line number="12" hits="4" branch="false" />
            <line number="13" hits="4" branch="false" />
            <line number="14" hits="4" branch="false" />
            <line number="15" hits="4" branch="false" />
            <line number="17" hits="4" branch="false" />
            <line number="18" hits="4" branch="false" />
            <line number="19" hits="4" branch="false" />
          </lines>
        </class>
        <class name="NexoPostal.Auth.Validators.RefreshTokenRequestDtoValidator" filename="C:\Users\angel\Desktop\NexoPostal\microservicios\Nexopostal\Nexopostal.Auth\Validators\AuthDtoValidators.cs" line-rate="1" branch-rate="1" complexity="1">
          <methods>
            <method name=".ctor" signature="()" line-rate="1" branch-rate="1" complexity="1">
              <lines>
                <line number="76" hits="2" branch="false" />
                <line number="77" hits="2" branch="false" />
                <line number="78" hits="2" branch="false" />
                <line number="79" hits="2" branch="false" />
              </lines>
            </method>
          </methods>
          <lines>
            <line number="76" hits="2" branch="false" />
            <line number="77" hits="2" branch="false" />
            <line number="78" hits="2" branch="false" />
            <line number="79" hits="2" branch="false" />
          </lines>
        </class>
        <class name="NexoPostal.Auth.Validators.RegisterDtoValidator" filename="C:\Users\angel\Desktop\NexoPostal\microservicios\Nexopostal\Nexopostal.Auth\Validators\AuthDtoValidators.cs" line-rate="1" branch-rate="1" complexity="1">
          <methods>
            <method name=".ctor" signature="()" line-rate="1" branch-rate="1" complexity="1">
              <lines>
                <line number="27" hits="8" branch="false" />
                <line number="28" hits="8" branch="false" />
                <line number="29" hits="8" branch="false" />
                <line number="30" hits="8" branch="false" />
                <line number="31" hits="8" branch="false" />
                <line number="33" hits="8" branch="false" />
                <line number="34" hits="8" branch="false" />
                <line number="35" hits="8" branch="false" />
                <line number="37" hits="8" branch="false" />
                <line number="38" hits="8" branch="false" />
                <line number="39" hits="8" branch="false" />
                <line number="40" hits="8" branch="false" />
              </lines>
            </method>
          </methods>
          <lines>
            <line number="27" hits="8" branch="false" />
            <line number="28" hits="8" branch="false" />
            <line number="29" hits="8" branch="false" />
            <line number="30" hits="8" branch="false" />
            <line number="31" hits="8" branch="false" />
            <line number="33" hits="8" branch="false" />
            <line number="34" hits="8" branch="false" />
            <line number="35" hits="8" branch="false" />
            <line number="37" hits="8" branch="false" />
            <line number="38" hits="8" branch="false" />
            <line number="39" hits="8" branch="false" />
            <line number="40" hits="8" branch="false" />
          </lines>
        </class>
        <class name="NexoPostal.Auth.Validators.ResetPasswordDtoValidator" filename="C:\Users\angel\Desktop\NexoPostal\microservicios\Nexopostal\Nexopostal.Auth\Validators\AuthDtoValidators.cs" line-rate="1" branch-rate="1" complexity="1">
          <methods>
            <method name=".ctor" signature="()" line-rate="1" branch-rate="1" complexity="1">
              <lines>
                <line number="100" hits="3" branch="false" />
                <line number="101" hits="3" branch="false" />
                <line number="102" hits="3" branch="false" />
                <line number="103" hits="3" branch="false" />
                <line number="104" hits="3" branch="false" />
                <line number="105" hits="3" branch="false" />
                <line number="106" hits="3" branch="false" />
                <line number="107" hits="3" branch="false" />
              </lines>
            </method>
          </methods>
          <lines>
            <line number="100" hits="3" branch="false" />
            <line number="101" hits="3" branch="false" />
            <line number="102" hits="3" branch="false" />
            <line number="103" hits="3" branch="false" />
            <line number="104" hits="3" branch="false" />
            <line number="105" hits="3" branch="false" />
            <line number="106" hits="3" branch="false" />
            <line number="107" hits="3" branch="false" />
          </lines>
        </class>
        <class name="NexoPostal.Auth.Validators.SolicitarResetPasswordDtoValidator" filename="C:\Users\angel\Desktop\NexoPostal\microservicios\Nexopostal\Nexopostal.Auth\Validators\AuthDtoValidators.cs" line-rate="1" branch-rate="1" complexity="1">
          <methods>
            <method name=".ctor" signature="()" line-rate="1" branch-rate="1" complexity="1">
              <lines>
                <line number="87" hits="4" branch="false" />
                <line number="88" hits="4" branch="false" />
                <line number="89" hits="4" branch="false" />
                <line number="90" hits="4" branch="false" />
                <line number="91" hits="4" branch="false" />
                <line number="92" hits="4" branch="false" />
              </lines>
            </method>
          </methods>
          <lines>
            <line number="87" hits="4" branch="false" />
            <line number="88" hits="4" branch="false" />
            <line number="89" hits="4" branch="false" />
            <line number="90" hits="4" branch="false" />
            <line number="91" hits="4" branch="false" />
            <line number="92" hits="4" branch="false" />
          </lines>
        </class>
      </classes>
    </package>
    <package name="Nexopostal.Ciudadano" line-rate="0.9408955223880597" branch-rate="0.687041564792176" complexity="481">
      <classes>
        <class name="Nexopostal.Ciudadano.Controllers.AdminClientesController" filename="C:\Users\angel\Desktop\NexoPostal\microservicios\Nexopostal\Nexopostal.Ciudadano\Controllers\AdminClientesController.cs" line-rate="1" branch-rate="1" complexity="1">
          <methods>
            <method name=".ctor" signature="(Nexopostal.Ciudadano.Repositories.IClientePerfilRepository,Nexopostal.Ciudadano.Repositories.IEnvioRepository)" line-rate="1" branch-rate="1" complexity="1">
              <lines>
                <line number="21" hits="5" branch="false" />
                <line number="22" hits="5" branch="false" />
                <line number="23" hits="5" branch="false" />
                <line number="24" hits="5" branch="false" />
                <line number="25" hits="5" branch="false" />
              </lines>
            </method>
          </methods>
          <lines>
            <line number="21" hits="5" branch="false" />
            <line number="22" hits="5" branch="false" />
            <line number="23" hits="5" branch="false" />
            <line number="24" hits="5" branch="false" />
            <line number="25" hits="5" branch="false" />
          </lines>
        </class>
        <class name="Nexopostal.Ciudadano.Controllers.AdminEnviosController" filename="C:\Users\angel\Desktop\NexoPostal\microservicios\Nexopostal\Nexopostal.Ciudadano\Controllers\AdminEnviosController.cs" line-rate="1" branch-rate="0.3" complexity="11">
          <methods>
            <method name="GetUserId" signature="()" line-rate="1" branch-rate="0.3" complexity="10">
              <lines>
                <line number="77" hits="9" branch="true" condition-coverage="30% (3/10)" />
                <line number="78" hits="9" branch="false" />
                <line number="79" hits="9" branch="false" />
              </lines>
            </method>
            <method name=".ctor" signature="(Nexopostal.Ciudadano.Services.IAdminEnviosService)" line-rate="1" branch-rate="1" complexity="1">
              <lines>
                <line number="20" hits="9" branch="false" />
                <line number="21" hits="9" branch="false" />
                <line number="22" hits="9" branch="false" />
                <line number="23" hits="9" branch="false" />
              </lines>
            </method>
          </methods>
          <lines>
            <line number="20" hits="9" branch="false" />
            <line number="21" hits="9" branch="false" />
            <line number="22" hits="9" branch="false" />
            <line number="23" hits="9" branch="false" />
            <line number="77" hits="9" branch="true" condition-coverage="30% (3/10)" />
            <line number="78" hits="9" branch="false" />
            <line number="79" hits="9" branch="false" />
          </lines>
        </class>
        <class name="Nexopostal.Ciudadano.Controllers.AdminTarifasController" filename="C:\Users\angel\Desktop\NexoPostal\microservicios\Nexopostal\Nexopostal.Ciudadano\Controllers\AdminTarifasController.cs" line-rate="1" branch-rate="1" complexity="2">
          <methods>
            <method name="ToDto" signature="(Nexopostal.Ciudadano.Models.TarifaBanda)" line-rate="1" branch-rate="1" complexity="1">
              <lines>
                <line number="143" hits="2" branch="false" />
                <line number="144" hits="2" branch="false" />
                <line number="145" hits="2" branch="false" />
                <line number="146" hits="2" branch="false" />
                <line number="147" hits="2" branch="false" />
                <line number="148" hits="2" branch="false" />
                <line number="149" hits="2" branch="false" />
                <line number="150" hits="2" branch="false" />
                <line number="151" hits="2" branch="false" />
                <line number="152" hits="2" branch="false" />
              </lines>
            </method>
            <method name=".ctor" signature="(Nexopostal.Ciudadano.Data.CiudadanoDbContext,Nexopostal.Ciudadano.Services.ITarifasService,Microsoft.Extensions.Logging.ILogger`1&lt;Nexopostal.Ciudadano.Controllers.AdminTarifasController&gt;)" line-rate="1" branch-rate="1" complexity="1">
              <lines>
                <line number="25" hits="11" branch="false" />
                <line number="26" hits="11" branch="false" />
                <line number="27" hits="11" branch="false" />
                <line number="28" hits="11" branch="false" />
                <line number="29" hits="11" branch="false" />
                <line number="30" hits="11" branch="false" />
              </lines>
            </method>
          </methods>
          <lines>
            <line number="25" hits="11" branch="false" />
            <line number="26" hits="11" branch="false" />
            <line number="27" hits="11" branch="false" />
            <line number="28" hits="11" branch="false" />
            <line number="29" hits="11" branch="false" />
            <line number="30" hits="11" branch="false" />
            <line number="143" hits="2" branch="false" />
            <line number="144" hits="2" branch="false" />
            <line number="145" hits="2" branch="false" />
            <line number="146" hits="2" branch="false" />
            <line number="147" hits="2" branch="false" />
            <line number="148" hits="2" branch="false" />
            <line number="149" hits="2" branch="false" />
            <line number="150" hits="2" branch="false" />
            <line number="151" hits="2" branch="false" />
            <line number="152" hits="2" branch="false" />
          </lines>
        </class>
        <class name="Nexopostal.Ciudadano.Controllers.EnviosController" filename="C:\Users\angel\Desktop\NexoPostal\microservicios\Nexopostal\Nexopostal.Ciudadano\Controllers\EnviosController.cs" line-rate="0.772093023255814" branch-rate="0.5683060109289617" complexity="185">
          <methods>
            <method name="Cotizar" signature="(Nexopostal.Ciudadano.DTOs.CotizarEnvioDto)" line-rate="1" branch-rate="1" complexity="4">
              <lines>
                <line number="61" hits="3" branch="false" />
                <line number="62" hits="3" branch="true" condition-coverage="100% (2/2)" />
                <line number="63" hits="1" branch="false" />
                <line number="65" hits="2" branch="false" />
                <line number="66" hits="2" branch="false" />
                <line number="67" hits="2" branch="false" />
                <line number="68" hits="2" branch="false" />
                <line number="69" hits="2" branch="false" />
                <line number="70" hits="2" branch="false" />
                <line number="71" hits="2" branch="false" />
                <line number="72" hits="2" branch="false" />
                <line number="73" hits="2" branch="false" />
                <line number="75" hits="2" branch="true" condition-coverage="100% (2/2)" />
                <line number="76" hits="2" branch="false" />
                <line number="77" hits="2" branch="false" />
                <line number="78" hits="2" branch="false" />
                <line number="79" hits="2" branch="false" />
                <line number="80" hits="2" branch="false" />
                <line number="81" hits="2" branch="false" />
                <line number="82" hits="2" branch="false" />
                <line number="83" hits="2" branch="false" />
                <line number="85" hits="2" branch="false" />
                <line number="86" hits="2" branch="false" />
                <line number="87" hits="2" branch="false" />
                <line number="88" hits="2" branch="false" />
                <line number="89" hits="2" branch="false" />
                <line number="91" hits="2" branch="false" />
                <line number="92" hits="3" branch="false" />
              </lines>
            </method>
            <method name="IsInternalServiceAuthorized" signature="()" line-rate="1" branch-rate="0.75" complexity="4">
              <lines>
                <line number="803" hits="36" branch="false" />
                <line number="804" hits="36" branch="true" condition-coverage="50% (1/2)" />
                <line number="805" hits="36" branch="false" />
                <line number="806" hits="36" branch="false" />
                <line number="808" hits="36" branch="true" condition-coverage="100% (2/2)" />
                <line number="809" hits="5" branch="false" />
                <line number="811" hits="31" branch="false" />
                <line number="812" hits="36" branch="false" />
              </lines>
            </method>
            <method name="SecureEquals" signature="(System.String,System.String)" line-rate="1" branch-rate="0.6666666666666666" complexity="6">
              <lines>
                <line number="815" hits="31" branch="false" />
                <line number="816" hits="31" branch="true" condition-coverage="50% (1/2)" />
                <line number="817" hits="31" branch="true" condition-coverage="50% (1/2)" />
                <line number="819" hits="31" branch="true" condition-coverage="100% (2/2)" />
                <line number="820" hits="1" branch="false" />
                <line number="822" hits="30" branch="false" />
                <line number="823" hits="31" branch="false" />
              </lines>
            </method>
            <method name="TryMapearEstadoInternoDesdeEntrega" signature="(Nexopostal.Ciudadano.DTOs.TrackingEventoEntregaDto,Nexopostal.Ciudadano.Models.EstadoInterno&amp;)" line-rate="1" branch-rate="0.9772727272727273" complexity="44">
              <lines>
                <line number="828" hits="10" branch="false" />
                <line number="829" hits="10" branch="true" condition-coverage="50% (1/2)" />
                <line number="831" hits="10" branch="true" condition-coverage="100% (38/38)" />
                <line number="832" hits="10" branch="false" />
                <line number="833" hits="1" branch="false" />
                <line number="834" hits="1" branch="false" />
                <line number="835" hits="2" branch="true" condition-coverage="100% (2/2)" />
                <line number="836" hits="2" branch="false" />
                <line number="837" hits="2" branch="false" />
                <line number="838" hits="1" branch="false" />
                <line number="839" hits="1" branch="false" />
                <line number="840" hits="1" branch="false" />
                <line number="841" hits="1" branch="false" />
                <line number="842" hits="1" branch="false" />
                <line number="843" hits="1" branch="false" />
                <line number="844" hits="10" branch="false" />
                <line number="846" hits="10" branch="true" condition-coverage="100% (2/2)" />
                <line number="847" hits="10" branch="false" />
              </lines>
            </method>
            <method name="ConstruirDescripcionEventoEntrega" signature="(Nexopostal.Ciudadano.DTOs.TrackingEventoEntregaDto,Nexopostal.Ciudadano.Models.EstadoInterno)" line-rate="1" branch-rate="1" complexity="18">
              <lines>
                <line number="852" hits="9" branch="false" />
                <line number="853" hits="9" branch="true" condition-coverage="100% (16/16)" />
                <line number="854" hits="9" branch="false" />
                <line number="855" hits="1" branch="false" />
                <line number="856" hits="1" branch="false" />
                <line number="857" hits="1" branch="false" />
                <line number="858" hits="1" branch="false" />
                <line number="859" hits="1" branch="false" />
                <line number="860" hits="1" branch="false" />
                <line number="861" hits="1" branch="false" />
                <line number="862" hits="1" branch="false" />
                <line number="863" hits="1" branch="false" />
                <line number="864" hits="9" branch="false" />
                <line number="866" hits="9" branch="true" condition-coverage="100% (2/2)" />
                <line number="867" hits="7" branch="false" />
                <line number="868" hits="7" branch="false" />
                <line number="871" hits="2" branch="false" />
                <line number="872" hits="9" branch="false" />
              </lines>
            </method>
            <method name="ConstruirObservaciones" signature="(System.String,System.String)" line-rate="1" branch-rate="1" complexity="2">
              <lines>
                <line number="875" hits="8" branch="false" />
                <line number="876" hits="8" branch="false" />
                <line number="877" hits="8" branch="false" />
                <line number="879" hits="8" branch="true" condition-coverage="100% (2/2)" />
                <line number="880" hits="8" branch="false" />
                <line number="881" hits="8" branch="false" />
                <line number="882" hits="8" branch="false" />
              </lines>
            </method>
            <method name="ObtenerDescripcionEstado" signature="(Nexopostal.Ciudadano.Models.EstadoEnvio)" line-rate="0.5" branch-rate="0.2222222222222222" complexity="9">
              <lines>
                <line number="888" hits="3" branch="true" condition-coverage="22% (2/9)" />
                <line number="889" hits="3" branch="false" />
                <line number="890" hits="0" branch="false" />
                <line number="891" hits="1" branch="false" />
                <line number="892" hits="1" branch="false" />
                <line number="893" hits="0" branch="false" />
                <line number="894" hits="0" branch="false" />
                <line number="895" hits="1" branch="false" />
                <line number="896" hits="0" branch="false" />
                <line number="897" hits="0" branch="false" />
                <line number="898" hits="0" branch="false" />
                <line number="899" hits="3" branch="false" />
              </lines>
            </method>
            <method name="ObtenerDescripcionEstadoInterno" signature="(Nexopostal.Ciudadano.Models.EstadoInterno)" line-rate="0.32142857142857145" branch-rate="0.3111111111111111" complexity="45">
              <lines>
                <line number="904" hits="9" branch="true" condition-coverage="31% (14/45)" />
                <line number="905" hits="9" branch="false" />
                <line number="906" hits="0" branch="false" />
                <line number="907" hits="1" branch="false" />
                <line number="908" hits="0" branch="false" />
                <line number="909" hits="0" branch="false" />
                <line number="910" hits="0" branch="false" />
                <line number="911" hits="0" branch="false" />
                <line number="912" hits="0" branch="false" />
                <line number="913" hits="1" branch="false" />
                <line number="914" hits="0" branch="false" />
                <line number="915" hits="0" branch="false" />
                <line number="916" hits="1" branch="false" />
                <line number="917" hits="2" branch="false" />
                <line number="918" hits="0" branch="false" />
                <line number="919" hits="0" branch="false" />
                <line number="920" hits="0" branch="false" />
                <line number="921" hits="2" branch="false" />
                <line number="922" hits="0" branch="false" />
                <line number="923" hits="0" branch="false" />
                <line number="924" hits="2" branch="false" />
                <line number="925" hits="0" branch="false" />
                <line number="926" hits="0" branch="false" />
                <line number="927" hits="0" branch="false" />
                <line number="928" hits="0" branch="false" />
                <line number="929" hits="0" branch="false" />
                <line number="930" hits="0" branch="false" />
                <line number="931" hits="9" branch="false" />
              </lines>
            </method>
            <method name="DeducirEstadoPublico" signature="(Nexopostal.Ciudadano.Models.EstadoInterno)" line-rate="0.42857142857142855" branch-rate="0.3111111111111111" complexity="45">
              <lines>
                <line number="937" hits="14" branch="true" condition-coverage="31% (14/45)" />
                <line number="938" hits="14" branch="false" />
                <line number="939" hits="0" branch="false" />
                <line number="940" hits="0" branch="false" />
                <line number="941" hits="0" branch="false" />
                <line number="942" hits="0" branch="false" />
                <line number="943" hits="0" branch="false" />
                <line number="944" hits="0" branch="false" />
                <line number="945" hits="0" branch="false" />
                <line number="946" hits="0" branch="false" />
                <line number="947" hits="0" branch="false" />
                <line number="948" hits="0" branch="false" />
                <line number="949" hits="1" branch="false" />
                <line number="950" hits="4" branch="false" />
                <line number="951" hits="1" branch="false" />
                <line number="952" hits="1" branch="false" />
                <line number="953" hits="0" branch="false" />
                <line number="954" hits="2" branch="false" />
                <line number="955" hits="1" branch="false" />
                <line number="956" hits="0" branch="false" />
                <line number="957" hits="2" branch="false" />
                <line number="958" hits="0" branch="false" />
                <line number="959" hits="1" branch="false" />
                <line number="960" hits="0" branch="false" />
                <line number="961" hits="1" branch="false" />
                <line number="962" hits="0" branch="false" />
                <line number="963" hits="0" branch="false" />
                <line number="964" hits="14" branch="false" />
              </lines>
            </method>
            <method name="MapToInternoDetallado" signature="(Nexopostal.Ciudadano.Models.Envio)" line-rate="1" branch-rate="1" complexity="1">
              <lines>
                <line number="969" hits="5" branch="false" />
                <line number="970" hits="5" branch="false" />
                <line number="971" hits="5" branch="false" />
                <line number="972" hits="5" branch="false" />
                <line number="973" hits="5" branch="false" />
                <line number="974" hits="5" branch="false" />
                <line number="975" hits="5" branch="false" />
                <line number="976" hits="5" branch="false" />
                <line number="977" hits="5" branch="false" />
                <line number="978" hits="5" branch="false" />
                <line number="979" hits="5" branch="false" />
                <line number="980" hits="5" branch="false" />
                <line number="981" hits="5" branch="false" />
                <line number="982" hits="5" branch="false" />
                <line number="983" hits="5" branch="false" />
                <line number="984" hits="5" branch="false" />
                <line number="985" hits="5" branch="false" />
                <line number="986" hits="5" branch="false" />
                <line number="987" hits="5" branch="false" />
                <line number="988" hits="5" branch="false" />
                <line number="989" hits="5" branch="false" />
                <line number="990" hits="5" branch="false" />
                <line number="991" hits="5" branch="false" />
                <line number="992" hits="5" branch="false" />
                <line number="993" hits="5" branch="false" />
                <line number="994" hits="5" branch="false" />
                <line number="995" hits="5" branch="false" />
                <line number="996" hits="5" branch="false" />
                <line number="997" hits="5" branch="false" />
[...]
          <methods>
            <method name=".ctor" signature="(System.String)" line-rate="1" branch-rate="1" complexity="1">
              <lines>
                <line number="4" hits="3" branch="false" />
              </lines>
            </method>
          </methods>
          <lines>
            <line number="4" hits="3" branch="false" />
          </lines>
        </class>
        <class name="Nexopostal.Shared.Exceptions.ValidationException" filename="C:\Users\angel\Desktop\NexoPostal\microservicios\Nexopostal\Nexopostal.Shared\Exceptions\DomainExceptions.cs" line-rate="1" branch-rate="1" complexity="2">
          <methods>
            <method name=".ctor" signature="(System.String,System.Collections.Generic.IDictionary`2&lt;System.String,System.String[]&gt;)" line-rate="1" branch-rate="1" complexity="2">
              <lines>
                <line number="7" hits="5" branch="false" />
                <line number="9" hits="5" branch="true" condition-coverage="100% (2/2)" />
              </lines>
            </method>
          </methods>
          <lines>
            <line number="7" hits="5" branch="false" />
            <line number="9" hits="5" branch="true" condition-coverage="100% (2/2)" />
          </lines>
        </class>
        <class name="Nexopostal.Shared.Infrastructures.FluentValidationExtensions" filename="C:\Users\angel\Desktop\NexoPostal\microservicios\Nexopostal\Nexopostal.Shared\Infrastructures\FluentValidationExtensions.cs" line-rate="0.875" branch-rate="0.5" complexity="2">
          <methods>
            <method name="AddNexopostalFluentValidation" signature="(Microsoft.Extensions.DependencyInjection.IServiceCollection,System.Reflection.Assembly[])" line-rate="0.875" branch-rate="0.5" complexity="2">
              <lines>
                <line number="20" hits="1" branch="false" />
                <line number="21" hits="1" branch="false" />
                <line number="22" hits="1" branch="false" />
                <line number="24" hits="1" branch="true" condition-coverage="50% (1/2)" />
                <line number="25" hits="0" branch="false" />
                <line number="27" hits="1" branch="false" />
                <line number="28" hits="1" branch="false" />
                <line number="29" hits="1" branch="false" />
              </lines>
            </method>
          </methods>
          <lines>
            <line number="20" hits="1" branch="false" />
            <line number="21" hits="1" branch="false" />
            <line number="22" hits="1" branch="false" />
            <line number="24" hits="1" branch="true" condition-coverage="50% (1/2)" />
            <line number="25" hits="0" branch="false" />
            <line number="27" hits="1" branch="false" />
            <line number="28" hits="1" branch="false" />
            <line number="29" hits="1" branch="false" />
          </lines>
        </class>
        <class name="Nexopostal.Shared.Infrastructures.JwtAuthenticationExtensions" filename="C:\Users\angel\Desktop\NexoPostal\microservicios\Nexopostal\Nexopostal.Shared\Infrastructures\JwtAuthenticationExtensions.cs" line-rate="0.9565217391304348" branch-rate="0.5" complexity="6">
          <methods>
            <method name="ResolveConfigValue" signature="(System.String)" line-rate="0.8888888888888888" branch-rate="0.5" complexity="2">
              <lines>
                <line number="18" hits="4" branch="false" />
                <line number="19" hits="4" branch="true" condition-coverage="50% (1/2)" />
                <line number="20" hits="0" branch="false" />
                <line number="22" hits="4" branch="false" />
                <line number="23" hits="4" branch="false" />
                <line number="24" hits="4" branch="false" />
                <line number="25" hits="4" branch="false" />
                <line number="26" hits="4" branch="false" />
                <line number="27" hits="4" branch="false" />
              </lines>
            </method>
            <method name="GetJwtKeyBytes" signature="(System.String)" line-rate="1" branch-rate="0.5" complexity="2">
              <lines>
                <line number="31" hits="1" branch="false" />
                <line number="32" hits="1" branch="false" />
                <line number="33" hits="1" branch="true" condition-coverage="50% (1/2)" />
                <line number="34" hits="1" branch="false" />
              </lines>
            </method>
            <method name="AddNexopostalJwtAuthentication" signature="(Microsoft.Extensions.DependencyInjection.IServiceCollection,Microsoft.Extensions.Configuration.IConfiguration)" line-rate="0.9696969696969697" branch-rate="0.5" complexity="2">
              <lines>
                <line number="40" hits="1" branch="false" />
                <line number="41" hits="1" branch="false" />
                <line number="42" hits="1" branch="false" />
                <line number="43" hits="1" branch="true" condition-coverage="50% (1/2)" />
                <line number="44" hits="0" branch="false" />
                <line number="46" hits="1" branch="false" />
                <line number="47" hits="1" branch="false" />
                <line number="48" hits="1" branch="false" />
                <line number="50" hits="1" branch="false" />
                <line number="51" hits="1" branch="false" />
                <line number="52" hits="1" branch="false" />
                <line number="53" hits="1" branch="false" />
                <line number="54" hits="1" branch="false" />
                <line number="55" hits="1" branch="false" />
                <line number="56" hits="1" branch="false" />
                <line number="57" hits="1" branch="false" />
                <line number="58" hits="1" branch="false" />
                <line number="59" hits="1" branch="false" />
                <line number="60" hits="1" branch="false" />
                <line number="61" hits="1" branch="false" />
                <line number="62" hits="1" branch="false" />
                <line number="63" hits="1" branch="false" />
                <line number="64" hits="1" branch="false" />
                <line number="65" hits="1" branch="false" />
                <line number="66" hits="1" branch="false" />
                <line number="67" hits="1" branch="false" />
                <line number="68" hits="1" branch="false" />
                <line number="69" hits="1" branch="false" />
                <line number="70" hits="1" branch="false" />
                <line number="71" hits="1" branch="false" />
                <line number="73" hits="1" branch="false" />
                <line number="74" hits="1" branch="false" />
                <line number="75" hits="1" branch="false" />
              </lines>
            </method>
          </methods>
          <lines>
            <line number="18" hits="4" branch="false" />
            <line number="19" hits="4" branch="true" condition-coverage="50% (1/2)" />
            <line number="20" hits="0" branch="false" />
            <line number="22" hits="4" branch="false" />
            <line number="23" hits="4" branch="false" />
            <line number="24" hits="4" branch="false" />
            <line number="25" hits="4" branch="false" />
            <line number="26" hits="4" branch="false" />
            <line number="27" hits="4" branch="false" />
            <line number="31" hits="1" branch="false" />
            <line number="32" hits="1" branch="false" />
            <line number="33" hits="1" branch="true" condition-coverage="50% (1/2)" />
            <line number="34" hits="1" branch="false" />
            <line number="40" hits="1" branch="false" />
            <line number="41" hits="1" branch="false" />
            <line number="42" hits="1" branch="false" />
            <line number="43" hits="1" branch="true" condition-coverage="50% (1/2)" />
            <line number="44" hits="0" branch="false" />
            <line number="46" hits="1" branch="false" />
            <line number="47" hits="1" branch="false" />
            <line number="48" hits="1" branch="false" />
            <line number="50" hits="1" branch="false" />
            <line number="51" hits="1" branch="false" />
            <line number="52" hits="1" branch="false" />
            <line number="53" hits="1" branch="false" />
            <line number="54" hits="1" branch="false" />
            <line number="55" hits="1" branch="false" />
            <line number="56" hits="1" branch="false" />
            <line number="57" hits="1" branch="false" />
            <line number="58" hits="1" branch="false" />
            <line number="59" hits="1" branch="false" />
            <line number="60" hits="1" branch="false" />
            <line number="61" hits="1" branch="false" />
            <line number="62" hits="1" branch="false" />
            <line number="63" hits="1" branch="false" />
            <line number="64" hits="1" branch="false" />
            <line number="65" hits="1" branch="false" />
            <line number="66" hits="1" branch="false" />
            <line number="67" hits="1" branch="false" />
            <line number="68" hits="1" branch="false" />
            <line number="69" hits="1" branch="false" />
            <line number="70" hits="1" branch="false" />
            <line number="71" hits="1" branch="false" />
            <line number="73" hits="1" branch="false" />
            <line number="74" hits="1" branch="false" />
            <line number="75" hits="1" branch="false" />
          </lines>
        </class>
        <class name="Nexopostal.Shared.Infrastructures.SerilogConfig" filename="C:\Users\angel\Desktop\NexoPostal\microservicios\Nexopostal\Nexopostal.Shared\Infrastructures\SerilogConfig.cs" line-rate="1" branch-rate="1" complexity="2">
          <methods>
            <method name="CreateDefaultLogger" signature="(System.String)" line-rate="1" branch-rate="1" complexity="1">
              <lines>
                <line number="19" hits="1" branch="false" />
                <line number="20" hits="1" branch="false" />
                <line number="21" hits="1" branch="false" />
                <line number="22" hits="1" branch="false" />
                <line number="23" hits="1" branch="false" />
                <line number="24" hits="1" branch="false" />
                <line number="25" hits="1" branch="false" />
                <line number="26" hits="1" branch="false" />
                <line number="27" hits="1" branch="false" />
              </lines>
            </method>
            <method name="AddNexopostalSerilog" signature="(Microsoft.AspNetCore.Builder.WebApplicationBuilder,System.String)" line-rate="1" branch-rate="1" complexity="1">
              <lines>
                <line number="31" hits="1" branch="false" />
                <line number="32" hits="1" branch="false" />
                <line number="33" hits="1" branch="false" />
                <line number="34" hits="1" branch="false" />
                <line number="35" hits="1" branch="false" />
                <line number="36" hits="1" branch="false" />
                <line number="37" hits="1" branch="false" />
              </lines>
            </method>
          </methods>
          <lines>
            <line number="19" hits="1" branch="false" />
            <line number="20" hits="1" branch="false" />
            <line number="21" hits="1" branch="false" />
            <line number="22" hits="1" branch="false" />
            <line number="23" hits="1" branch="false" />
            <line number="24" hits="1" branch="false" />
            <line number="25" hits="1" branch="false" />
            <line number="26" hits="1" branch="false" />
            <line number="27" hits="1" branch="false" />
            <line number="31" hits="1" branch="false" />
            <line number="32" hits="1" branch="false" />
            <line number="33" hits="1" branch="false" />
            <line number="34" hits="1" branch="false" />
            <line number="35" hits="1" branch="false" />
            <line number="36" hits="1" branch="false" />
            <line number="37" hits="1" branch="false" />
          </lines>
        </class>
        <class name="Nexopostal.Shared.Middleware.GlobalExceptionHandler" filename="C:\Users\angel\Desktop\NexoPostal\microservicios\Nexopostal\Nexopostal.Shared\Middleware\GlobalExceptionHandler.cs" line-rate="1" branch-rate="1" complexity="1">
          <methods>
            <method name=".cctor" signature="()" line-rate="1" branch-rate="1" complexity="1">
              <lines>
                <line number="16" hits="1" branch="false" />
                <line number="17" hits="1" branch="false" />
                <line number="18" hits="1" branch="false" />
                <line number="19" hits="1" branch="false" />
                <line number="20" hits="1" branch="false" />
              </lines>
            </method>
          </methods>
          <lines>
            <line number="16" hits="1" branch="false" />
            <line number="17" hits="1" branch="false" />
            <line number="18" hits="1" branch="false" />
            <line number="19" hits="1" branch="false" />
            <line number="20" hits="1" branch="false" />
          </lines>
        </class>
        <class name="Nexopostal.Shared.Middleware.GlobalExceptionHandlerExtensions" filename="C:\Users\angel\Desktop\NexoPostal\microservicios\Nexopostal\Nexopostal.Shared\Middleware\GlobalExceptionHandler.cs" line-rate="1" branch-rate="1" complexity="1">
          <methods>
            <method name="UseGlobalExceptionHandler" signature="(Microsoft.AspNetCore.Builder.IApplicationBuilder)" line-rate="1" branch-rate="1" complexity="1">
              <lines>
                <line number="81" hits="7" branch="false" />
              </lines>
            </method>
          </methods>
          <lines>
            <line number="81" hits="7" branch="false" />
          </lines>
        </class>
        <class name="Nexopostal.Shared.Results.ResultExtensions" filename="C:\Users\angel\Desktop\NexoPostal\microservicios\Nexopostal\Nexopostal.Shared\Results\ResultExtensions.cs" line-rate="0.8928571428571429" branch-rate="0.6818181818181818" complexity="24">
          <methods>
            <method name="ToActionResult" signature="(CSharpFunctionalExtensions.Result`2&lt;T,Nexopostal.Shared.Errors.DomainError&gt;)" line-rate="1" branch-rate="1" complexity="2">
              <lines>
                <line number="16" hits="9" branch="true" condition-coverage="100% (2/2)" />
              </lines>
            </method>
            <method name="ToActionResult" signature="(CSharpFunctionalExtensions.Result`2&lt;T,Nexopostal.Shared.Errors.DomainError&gt;,System.Func`2&lt;T,Microsoft.AspNetCore.Mvc.IActionResult&gt;)" line-rate="0" branch-rate="0" complexity="2">
              <lines>
                <line number="22" hits="0" branch="true" condition-coverage="0% (0/2)" />
              </lines>
            </method>
            <method name="ToActionResult" signature="(CSharpFunctionalExtensions.UnitResult`1&lt;Nexopostal.Shared.Errors.DomainError&gt;)" line-rate="1" branch-rate="0.5" complexity="2">
              <lines>
                <line number="26" hits="1" branch="true" condition-coverage="50% (1/2)" />
              </lines>
            </method>
            <method name="ToActionResult" signature="(CSharpFunctionalExtensions.UnitResult`1&lt;Nexopostal.Shared.Errors.DomainError&gt;,System.Func`1&lt;Microsoft.AspNetCore.Mvc.IActionResult&gt;)" line-rate="1" branch-rate="0.5" complexity="2">
              <lines>
                <line number="30" hits="1" branch="true" condition-coverage="50% (1/2)" />
              </lines>
            </method>
            <method name="ToErrorResult" signature="(Nexopostal.Shared.Errors.DomainError)" line-rate="1" branch-rate="1" complexity="1">
              <lines>
                <line number="34" hits="8" branch="false" />
                <line number="35" hits="8" branch="false" />
                <line number="36" hits="8" branch="false" />
                <line number="37" hits="8" branch="false" />
              </lines>
            </method>
            <method name="MapError" signature="(Nexopostal.Shared.Errors.DomainError)" line-rate="0.8181818181818182" branch-rate="0.7857142857142857" complexity="14">
              <lines>
                <line number="39" hits="8" branch="true" condition-coverage="79% (11/14)" />
                <line number="40" hits="8" branch="false" />
                <line number="41" hits="1" branch="false" />
                <line number="42" hits="1" branch="false" />
                <line number="43" hits="1" branch="false" />
                <line number="44" hits="1" branch="false" />
                <line number="45" hits="3" branch="false" />
                <line number="46" hits="1" branch="false" />
                <line number="47" hits="0" branch="false" />
                <line number="48" hits="0" branch="false" />
                <line number="49" hits="8" branch="false" />
              </lines>
            </method>
            <method name="BuildPayload" signature="(Nexopostal.Shared.Errors.DomainError,System.String,System.Collections.Generic.IReadOnlyDictionary`2&lt;System.String,System.String[]&gt;)" line-rate="1" branch-rate="1" complexity="1">
              <lines>
                <line number="52" hits="8" branch="false" />
                <line number="53" hits="8" branch="false" />
                <line number="54" hits="8" branch="false" />
                <line number="55" hits="8" branch="false" />
                <line number="56" hits="8" branch="false" />
                <line number="57" hits="8" branch="false" />
                <line number="58" hits="8" branch="false" />
                <line number="59" hits="8" branch="false" />
                <line number="60" hits="8" branch="false" />
              </lines>
            </method>
          </methods>
          <lines>
            <line number="16" hits="9" branch="true" condition-coverage="100% (2/2)" />
            <line number="22" hits="0" branch="true" condition-coverage="0% (0/2)" />
            <line number="26" hits="1" branch="true" condition-coverage="50% (1/2)" />
            <line number="30" hits="1" branch="true" condition-coverage="50% (1/2)" />
            <line number="34" hits="8" branch="false" />
            <line number="35" hits="8" branch="false" />
            <line number="36" hits="8" branch="false" />
            <line number="37" hits="8" branch="false" />
            <line number="39" hits="8" branch="true" condition-coverage="79% (11/14)" />
            <line number="40" hits="8" branch="false" />
            <line number="41" hits="1" branch="false" />
            <line number="42" hits="1" branch="false" />
            <line number="43" hits="1" branch="false" />
            <line number="44" hits="1" branch="false" />
            <line number="45" hits="3" branch="false" />
            <line number="46" hits="1" branch="false" />
            <line number="47" hits="0" branch="false" />
            <line number="48" hits="0" branch="false" />
            <line number="49" hits="8" branch="false" />
            <line number="52" hits="8" branch="false" />
            <line number="53" hits="8" branch="false" />
            <line number="54" hits="8" branch="false" />
            <line number="55" hits="8" branch="false" />
            <line number="56" hits="8" branch="false" />
            <line number="57" hits="8" branch="false" />
            <line number="58" hits="8" branch="false" />
            <line number="59" hits="8" branch="false" />
            <line number="60" hits="8" branch="false" />
          </lines>
        </class>
      </classes>
    </package>
  </packages>
</coverage>